<?xml version='1.0' encoding='UTF-8'?>
<testsuite errors="0" failures="0" name="test_1suite.testing correct page title and page url" skipped="0" tests="3" time="0.1153">

<testcase classname="test_1suite.testing correct page title and page url" name="page return Status Code 200" status="passed" time="0.1016"><system-out>
<![CDATA[
@scenario.begin
  Scenario: page return Status Code 200
    Given we navigate to the Cake Solutions test website3 ... passed in 0.0001s
    When we check the status code ... passed in 0.1014s
    Then we should get 200 ... passed in 0.0001s

@scenario.end
--------------------------------------------------------------------------------

Captured stdout:

]]>
</system-out></testcase><testcase classname="test_1suite.testing correct page title and page url" name="page has the correct title" status="passed" time="0.0069"><system-out>
<![CDATA[
@scenario.begin
  Scenario: page has the correct title
    Given we navigate to the Cake Solutions test website2 ... passed in 0.0002s
    When we check the page title ... passed in 0.0067s
    Then the title should be Cake Soloptions FED Test ... passed in 0.0001s

@scenario.end
--------------------------------------------------------------------------------

Captured stdout:

]]>
</system-out></testcase><testcase classname="test_1suite.testing correct page title and page url" name="navigating to the correct url" status="passed" time="0.0068"><system-out>
<![CDATA[
@scenario.begin
  Scenario: navigating to the correct url
    Given we navigate to the Cake Solutions test website ... passed in 0.0001s
    When we check the url we are on ... passed in 0.0066s
    Then the url should be https://cakesolutions.github.io/cake-qa-test/#/ ... passed in 0.0001s

@scenario.end
--------------------------------------------------------------------------------

Captured stdout:

]]>
</system-out></testcase></testsuite>